mode: set
github.com/zopsmart/GoLang-Interns-2022/tree/sahil-zs/handler/car/handlers.go:20.34,22.2 1 1
github.com/zopsmart/GoLang-Interns-2022/tree/sahil-zs/handler/car/handlers.go:25.69,31.16 5 1
github.com/zopsmart/GoLang-Interns-2022/tree/sahil-zs/handler/car/handlers.go:38.2,43.16 4 1
github.com/zopsmart/GoLang-Interns-2022/tree/sahil-zs/handler/car/handlers.go:49.2,49.30 1 1
github.com/zopsmart/GoLang-Interns-2022/tree/sahil-zs/handler/car/handlers.go:31.16,36.3 3 1
github.com/zopsmart/GoLang-Interns-2022/tree/sahil-zs/handler/car/handlers.go:43.16,47.3 3 1
github.com/zopsmart/GoLang-Interns-2022/tree/sahil-zs/handler/car/handlers.go:53.72,60.16 5 1
github.com/zopsmart/GoLang-Interns-2022/tree/sahil-zs/handler/car/handlers.go:65.2,66.16 2 1
github.com/zopsmart/GoLang-Interns-2022/tree/sahil-zs/handler/car/handlers.go:71.2,76.30 4 1
github.com/zopsmart/GoLang-Interns-2022/tree/sahil-zs/handler/car/handlers.go:60.16,63.3 2 1
github.com/zopsmart/GoLang-Interns-2022/tree/sahil-zs/handler/car/handlers.go:66.16,69.3 2 1
github.com/zopsmart/GoLang-Interns-2022/tree/sahil-zs/handler/car/handlers.go:80.68,84.16 3 1
github.com/zopsmart/GoLang-Interns-2022/tree/sahil-zs/handler/car/handlers.go:88.2,91.16 3 1
github.com/zopsmart/GoLang-Interns-2022/tree/sahil-zs/handler/car/handlers.go:97.2,98.16 2 1
github.com/zopsmart/GoLang-Interns-2022/tree/sahil-zs/handler/car/handlers.go:110.2,111.16 2 1
github.com/zopsmart/GoLang-Interns-2022/tree/sahil-zs/handler/car/handlers.go:116.2,120.22 3 1
github.com/zopsmart/GoLang-Interns-2022/tree/sahil-zs/handler/car/handlers.go:84.16,86.3 1 0
github.com/zopsmart/GoLang-Interns-2022/tree/sahil-zs/handler/car/handlers.go:91.16,95.3 2 1
github.com/zopsmart/GoLang-Interns-2022/tree/sahil-zs/handler/car/handlers.go:98.16,108.3 2 1
github.com/zopsmart/GoLang-Interns-2022/tree/sahil-zs/handler/car/handlers.go:111.16,114.3 2 0
github.com/zopsmart/GoLang-Interns-2022/tree/sahil-zs/handler/car/handlers.go:124.68,132.16 5 1
github.com/zopsmart/GoLang-Interns-2022/tree/sahil-zs/handler/car/handlers.go:138.2,142.16 4 1
github.com/zopsmart/GoLang-Interns-2022/tree/sahil-zs/handler/car/handlers.go:148.2,150.16 2 1
github.com/zopsmart/GoLang-Interns-2022/tree/sahil-zs/handler/car/handlers.go:155.2,157.22 2 1
github.com/zopsmart/GoLang-Interns-2022/tree/sahil-zs/handler/car/handlers.go:132.16,136.3 2 1
github.com/zopsmart/GoLang-Interns-2022/tree/sahil-zs/handler/car/handlers.go:142.16,146.3 2 1
github.com/zopsmart/GoLang-Interns-2022/tree/sahil-zs/handler/car/handlers.go:150.16,153.3 2 0
github.com/zopsmart/GoLang-Interns-2022/tree/sahil-zs/handler/car/handlers.go:161.68,167.16 5 1
github.com/zopsmart/GoLang-Interns-2022/tree/sahil-zs/handler/car/handlers.go:175.2,175.35 1 1
github.com/zopsmart/GoLang-Interns-2022/tree/sahil-zs/handler/car/handlers.go:167.16,173.3 3 1
